<?xml version="1.0" encoding="UTF-8"?>
<!-- Generated by org.testng.reporters.JUnitXMLReporter -->
<testsuite ignored="1" hostname="LT23101997" failures="0" tests="2" name="Default test" time="26.195" errors="0" timestamp="2021-07-05T16:22:03 IST">
  <testcase classname="com.demo.ExtentReports.demo1" name="correctTitle" time="9.448"/>
  <testcase classname="com.demo.ExtentReports.demo1" name="correctTitle" time="7.936"/>
  <testcase classname="com.demo.ExtentReports.demo1" name="incorrectTitle" time="0.0">
    <ignored/>
  </testcase> <!-- incorrectTitle -->
</testsuite> <!-- Default test -->
