<?xml version="1.0" encoding="UTF-8"?>
<!-- Generated by org.testng.reporters.JUnitXMLReporter -->
<testsuite ignored="1" hostname="LT23101997" failures="0" tests="10" name="Default test" time="134.532" errors="0" timestamp="2021-07-05T13:14:58 IST">
  <testcase classname="com.demo.ExtentReports.demo2" name="correctTitle" time="8.964"/>
  <testcase classname="com.demo.ExtentReports.demo2" name="correctTitle" time="9.499"/>
  <testcase classname="com.demo.ExtentReports.demo2" name="correctTitle" time="8.544"/>
  <testcase classname="com.demo.ExtentReports.demo2" name="correctTitle" time="7.787"/>
  <testcase classname="com.demo.ExtentReports.demo2" name="correctTitle" time="9.145"/>
  <testcase classname="com.demo.ExtentReports.demo2" name="correctTitle" time="7.955"/>
  <testcase classname="com.demo.ExtentReports.demo2" name="correctTitle" time="7.733"/>
  <testcase classname="com.demo.ExtentReports.demo2" name="correctTitle" time="7.665"/>
  <testcase classname="com.demo.ExtentReports.demo2" name="correctTitle" time="8.039"/>
  <testcase classname="com.demo.ExtentReports.demo2" name="correctTitle" time="9.232"/>
  <testcase classname="com.demo.ExtentReports.demo2" name="incorrectTitle" time="0.0">
    <ignored/>
  </testcase> <!-- incorrectTitle -->
</testsuite> <!-- Default test -->
