<?xml version="1.0" encoding="UTF-8"?>
<testng-results ignored="1" total="3" passed="2" failed="0" skipped="0">
  <reporter-output>
  </reporter-output>
  <suite started-at="2021-07-05T16:21:36 IST" name="Default suite" finished-at="2021-07-05T16:22:02 IST" duration-ms="26195">
    <groups>
    </groups>
    <test started-at="2021-07-05T16:21:36 IST" name="Default test" finished-at="2021-07-05T16:22:02 IST" duration-ms="26195">
      <class name="com.demo.ExtentReports.demo1">
        <test-method is-config="true" signature="init()[pri:0, instance:com.demo.ExtentReports.demo1@47e2e487]" started-at="2021-07-05T16:21:36 IST" name="init" finished-at="2021-07-05T16:21:41 IST" duration-ms="4800" status="PASS">
          <reporter-output>
          </reporter-output>
        </test-method> <!-- init -->
        <test-method signature="correctTitle()[pri:0, instance:com.demo.ExtentReports.demo1@47e2e487]" started-at="2021-07-05T16:21:41 IST" name="correctTitle" finished-at="2021-07-05T16:21:51 IST" duration-ms="9448" status="PASS">
          <reporter-output>
          </reporter-output>
        </test-method> <!-- correctTitle -->
        <test-method is-config="true" signature="teardown()[pri:0, instance:com.demo.ExtentReports.demo1@47e2e487]" started-at="2021-07-05T16:21:51 IST" name="teardown" finished-at="2021-07-05T16:21:51 IST" duration-ms="748" status="PASS">
          <reporter-output>
          </reporter-output>
        </test-method> <!-- teardown -->
        <test-method is-config="true" signature="init()[pri:0, instance:com.demo.ExtentReports.demo1@47e2e487]" started-at="2021-07-05T16:21:51 IST" name="init" finished-at="2021-07-05T16:21:54 IST" duration-ms="2501" status="PASS">
          <reporter-output>
          </reporter-output>
        </test-method> <!-- init -->
        <test-method signature="correctTitle()[pri:0, instance:com.demo.ExtentReports.demo1@47e2e487]" started-at="2021-07-05T16:21:54 IST" name="correctTitle" finished-at="2021-07-05T16:22:02 IST" duration-ms="7936" status="PASS">
          <reporter-output>
          </reporter-output>
        </test-method> <!-- correctTitle -->
        <test-method is-config="true" signature="teardown()[pri:0, instance:com.demo.ExtentReports.demo1@47e2e487]" started-at="2021-07-05T16:22:02 IST" name="teardown" finished-at="2021-07-05T16:22:02 IST" duration-ms="715" status="PASS">
          <reporter-output>
          </reporter-output>
        </test-method> <!-- teardown -->
      </class> <!-- com.demo.ExtentReports.demo1 -->
    </test> <!-- Default test -->
  </suite> <!-- Default suite -->
</testng-results>
