<?xml version="1.0" encoding="UTF-8"?>
<testng-results ignored="1" total="11" passed="10" failed="0" skipped="0">
  <reporter-output>
  </reporter-output>
  <suite started-at="2021-07-05T13:12:44 IST" name="Default suite" finished-at="2021-07-05T13:14:58 IST" duration-ms="134532">
    <groups>
    </groups>
    <test started-at="2021-07-05T13:12:44 IST" name="Default test" finished-at="2021-07-05T13:14:58 IST" duration-ms="134532">
      <class name="com.demo.ExtentReports.demo2">
        <test-method is-config="true" signature="init()[pri:0, instance:com.demo.ExtentReports.demo2@47e2e487]" started-at="2021-07-05T13:12:44 IST" name="init" finished-at="2021-07-05T13:12:50 IST" duration-ms="6393" status="PASS">
          <reporter-output>
          </reporter-output>
        </test-method> <!-- init -->
        <test-method signature="correctTitle()[pri:0, instance:com.demo.ExtentReports.demo2@47e2e487]" started-at="2021-07-05T13:12:50 IST" name="correctTitle" finished-at="2021-07-05T13:12:59 IST" duration-ms="8964" status="PASS">
          <reporter-output>
          </reporter-output>
        </test-method> <!-- correctTitle -->
        <test-method is-config="true" signature="teardown()[pri:0, instance:com.demo.ExtentReports.demo2@47e2e487]" started-at="2021-07-05T13:12:59 IST" name="teardown" finished-at="2021-07-05T13:13:00 IST" duration-ms="1335" status="PASS">
          <reporter-output>
          </reporter-output>
        </test-method> <!-- teardown -->
        <test-method is-config="true" signature="init()[pri:0, instance:com.demo.ExtentReports.demo2@47e2e487]" started-at="2021-07-05T13:13:00 IST" name="init" finished-at="2021-07-05T13:13:03 IST" duration-ms="3115" status="PASS">
          <reporter-output>
          </reporter-output>
        </test-method> <!-- init -->
        <test-method signature="correctTitle()[pri:0, instance:com.demo.ExtentReports.demo2@47e2e487]" started-at="2021-07-05T13:13:03 IST" name="correctTitle" finished-at="2021-07-05T13:13:13 IST" duration-ms="9499" status="PASS">
          <reporter-output>
          </reporter-output>
        </test-method> <!-- correctTitle -->
        <test-method is-config="true" signature="teardown()[pri:0, instance:com.demo.ExtentReports.demo2@47e2e487]" started-at="2021-07-05T13:13:13 IST" name="teardown" finished-at="2021-07-05T13:13:14 IST" duration-ms="1014" status="PASS">
          <reporter-output>
          </reporter-output>
        </test-method> <!-- teardown -->
        <test-method is-config="true" signature="init()[pri:0, instance:com.demo.ExtentReports.demo2@47e2e487]" started-at="2021-07-05T13:13:14 IST" name="init" finished-at="2021-07-05T13:13:17 IST" duration-ms="3565" status="PASS">
          <reporter-output>
          </reporter-output>
        </test-method> <!-- init -->
        <test-method signature="correctTitle()[pri:0, instance:com.demo.ExtentReports.demo2@47e2e487]" started-at="2021-07-05T13:13:17 IST" name="correctTitle" finished-at="2021-07-05T13:13:26 IST" duration-ms="8544" status="PASS">
          <reporter-output>
          </reporter-output>
        </test-method> <!-- correctTitle -->
        <test-method is-config="true" signature="teardown()[pri:0, instance:com.demo.ExtentReports.demo2@47e2e487]" started-at="2021-07-05T13:13:26 IST" name="teardown" finished-at="2021-07-05T13:13:27 IST" duration-ms="1208" status="PASS">
          <reporter-output>
          </reporter-output>
        </test-method> <!-- teardown -->
        <test-method is-config="true" signature="init()[pri:0, instance:com.demo.ExtentReports.demo2@47e2e487]" started-at="2021-07-05T13:13:27 IST" name="init" finished-at="2021-07-05T13:13:31 IST" duration-ms="3449" status="PASS">
          <reporter-output>
          </reporter-output>
        </test-method> <!-- init -->
        <test-method signature="correctTitle()[pri:0, instance:com.demo.ExtentReports.demo2@47e2e487]" started-at="2021-07-05T13:13:31 IST" name="correctTitle" finished-at="2021-07-05T13:13:38 IST" duration-ms="7787" status="PASS">
          <reporter-output>
          </reporter-output>
        </test-method> <!-- correctTitle -->
        <test-method is-config="true" signature="teardown()[pri:0, instance:com.demo.ExtentReports.demo2@47e2e487]" started-at="2021-07-05T13:13:38 IST" name="teardown" finished-at="2021-07-05T13:13:40 IST" duration-ms="1149" status="PASS">
          <reporter-output>
          </reporter-output>
        </test-method> <!-- teardown -->
        <test-method is-config="true" signature="init()[pri:0, instance:com.demo.ExtentReports.demo2@47e2e487]" started-at="2021-07-05T13:13:40 IST" name="init" finished-at="2021-07-05T13:13:43 IST" duration-ms="3739" status="PASS">
          <reporter-output>
          </reporter-output>
        </test-method> <!-- init -->
        <test-method signature="correctTitle()[pri:0, instance:com.demo.ExtentReports.demo2@47e2e487]" started-at="2021-07-05T13:13:43 IST" name="correctTitle" finished-at="2021-07-05T13:13:53 IST" duration-ms="9145" status="PASS">
          <reporter-output>
          </reporter-output>
        </test-method> <!-- correctTitle -->
        <test-method is-config="true" signature="teardown()[pri:0, instance:com.demo.ExtentReports.demo2@47e2e487]" started-at="2021-07-05T13:13:53 IST" name="teardown" finished-at="2021-07-05T13:13:54 IST" duration-ms="1202" status="PASS">
          <reporter-output>
          </reporter-output>
        </test-method> <!-- teardown -->
        <test-method is-config="true" signature="init()[pri:0, instance:com.demo.ExtentReports.demo2@47e2e487]" started-at="2021-07-05T13:13:54 IST" name="init" finished-at="2021-07-05T13:13:57 IST" duration-ms="3501" status="PASS">
          <reporter-output>
          </reporter-output>
        </test-method> <!-- init -->
        <test-method signature="correctTitle()[pri:0, instance:com.demo.ExtentReports.demo2@47e2e487]" started-at="2021-07-05T13:13:57 IST" name="correctTitle" finished-at="2021-07-05T13:14:05 IST" duration-ms="7955" status="PASS">
          <reporter-output>
          </reporter-output>
        </test-method> <!-- correctTitle -->
        <test-method is-config="true" signature="teardown()[pri:0, instance:com.demo.ExtentReports.demo2@47e2e487]" started-at="2021-07-05T13:14:05 IST" name="teardown" finished-at="2021-07-05T13:14:06 IST" duration-ms="1212" status="PASS">
          <reporter-output>
          </reporter-output>
        </test-method> <!-- teardown -->
        <test-method is-config="true" signature="init()[pri:0, instance:com.demo.ExtentReports.demo2@47e2e487]" started-at="2021-07-05T13:14:06 IST" name="init" finished-at="2021-07-05T13:14:10 IST" duration-ms="3267" status="PASS">
          <reporter-output>
          </reporter-output>
        </test-method> <!-- init -->
        <test-method signature="correctTitle()[pri:0, instance:com.demo.ExtentReports.demo2@47e2e487]" started-at="2021-07-05T13:14:10 IST" name="correctTitle" finished-at="2021-07-05T13:14:17 IST" duration-ms="7733" status="PASS">
          <reporter-output>
          </reporter-output>
        </test-method> <!-- correctTitle -->
        <test-method is-config="true" signature="teardown()[pri:0, instance:com.demo.ExtentReports.demo2@47e2e487]" started-at="2021-07-05T13:14:17 IST" name="teardown" finished-at="2021-07-05T13:14:19 IST" duration-ms="1282" status="PASS">
          <reporter-output>
          </reporter-output>
        </test-method> <!-- teardown -->
        <test-method is-config="true" signature="init()[pri:0, instance:com.demo.ExtentReports.demo2@47e2e487]" started-at="2021-07-05T13:14:19 IST" name="init" finished-at="2021-07-05T13:14:22 IST" duration-ms="3410" status="PASS">
          <reporter-output>
          </reporter-output>
        </test-method> <!-- init -->
        <test-method signature="correctTitle()[pri:0, instance:com.demo.ExtentReports.demo2@47e2e487]" started-at="2021-07-05T13:14:22 IST" name="correctTitle" finished-at="2021-07-05T13:14:30 IST" duration-ms="7665" status="PASS">
          <reporter-output>
          </reporter-output>
        </test-method> <!-- correctTitle -->
        <test-method is-config="true" signature="teardown()[pri:0, instance:com.demo.ExtentReports.demo2@47e2e487]" started-at="2021-07-05T13:14:30 IST" name="teardown" finished-at="2021-07-05T13:14:31 IST" duration-ms="1264" status="PASS">
          <reporter-output>
          </reporter-output>
        </test-method> <!-- teardown -->
        <test-method is-config="true" signature="init()[pri:0, instance:com.demo.ExtentReports.demo2@47e2e487]" started-at="2021-07-05T13:14:31 IST" name="init" finished-at="2021-07-05T13:14:35 IST" duration-ms="3541" status="PASS">
          <reporter-output>
          </reporter-output>
        </test-method> <!-- init -->
        <test-method signature="correctTitle()[pri:0, instance:com.demo.ExtentReports.demo2@47e2e487]" started-at="2021-07-05T13:14:35 IST" name="correctTitle" finished-at="2021-07-05T13:14:43 IST" duration-ms="8039" status="PASS">
          <reporter-output>
          </reporter-output>
        </test-method> <!-- correctTitle -->
        <test-method is-config="true" signature="teardown()[pri:0, instance:com.demo.ExtentReports.demo2@47e2e487]" started-at="2021-07-05T13:14:43 IST" name="teardown" finished-at="2021-07-05T13:14:44 IST" duration-ms="1168" status="PASS">
          <reporter-output>
          </reporter-output>
        </test-method> <!-- teardown -->
        <test-method is-config="true" signature="init()[pri:0, instance:com.demo.ExtentReports.demo2@47e2e487]" started-at="2021-07-05T13:14:44 IST" name="init" finished-at="2021-07-05T13:14:47 IST" duration-ms="3389" status="PASS">
          <reporter-output>
          </reporter-output>
        </test-method> <!-- init -->
        <test-method signature="correctTitle()[pri:0, instance:com.demo.ExtentReports.demo2@47e2e487]" started-at="2021-07-05T13:14:47 IST" name="correctTitle" finished-at="2021-07-05T13:14:56 IST" duration-ms="9232" status="PASS">
          <reporter-output>
          </reporter-output>
        </test-method> <!-- correctTitle -->
        <test-method is-config="true" signature="teardown()[pri:0, instance:com.demo.ExtentReports.demo2@47e2e487]" started-at="2021-07-05T13:14:56 IST" name="teardown" finished-at="2021-07-05T13:14:58 IST" duration-ms="1674" status="PASS">
          <reporter-output>
          </reporter-output>
        </test-method> <!-- teardown -->
      </class> <!-- com.demo.ExtentReports.demo2 -->
    </test> <!-- Default test -->
  </suite> <!-- Default suite -->
</testng-results>
